<?xml version="1.0" encoding="UTF-8"?>
<!-- Generated by org.testng.reporters.JUnitReportReporter -->
<testsuite hostname="HPCompaq6300-Melli11" failures="0" tests="1" name="tests.Tests" time="8.086" errors="0" timestamp="2023-04-27T16:45:49 ART" skipped="0">
  <testcase classname="tests.Tests" name="tc02_reservarVuelo" time="8.086"/>
  <system-out/>
</testsuite> <!-- tests.Tests -->
